2022-06-09 17:30:17.809 INFO [main] [Utility.DriverManager.<init>(DriverManager.java:24)] - Driver got launched and maximize successfully
2022-06-09 17:30:21.858 INFO [main] [Utility.BrowserActions.explicitWaitEleToBeClickable_Click(BrowserActions.java:71)] - Element clicked successfully
2022-06-09 17:30:22.023 INFO [main] [Utility.BrowserActions.explicitWaitEleToBeClickable_Click(BrowserActions.java:71)] - Element clicked successfully
2022-06-09 17:30:22.070 INFO [main] [Utility.BrowserActions.type(BrowserActions.java:114)] - The text john typed successfully
2022-06-09 17:30:22.071 INFO [main] [PageObjects.LoginPage.setUserName(LoginPage.java:42)] - Successfully entered username
2022-06-09 17:30:22.205 INFO [main] [Utility.BrowserActions.explicitWaitEleToBeClickable_Click(BrowserActions.java:71)] - Element clicked successfully
2022-06-09 17:30:22.383 INFO [main] [Utility.BrowserActions.explicitWaitEleToBeClickable_Click(BrowserActions.java:71)] - Element clicked successfully
2022-06-09 17:30:22.429 INFO [main] [Utility.BrowserActions.type(BrowserActions.java:114)] - The text demo typed successfully
2022-06-09 17:30:22.429 INFO [main] [PageObjects.LoginPage.setPassword(LoginPage.java:49)] - Successfully entered password
2022-06-09 17:30:23.989 INFO [main] [Utility.BrowserActions.explicitWaitEleToBeClickable_Click(BrowserActions.java:71)] - Element clicked successfully
2022-06-09 17:30:23.990 INFO [main] [PageObjects.LoginPage.clickLoginButton(LoginPage.java:55)] - Successfully clicked on login button
2022-06-09 17:30:24.833 INFO [main] [Utility.BrowserActions.explicitWaitEleToBeClickable_Click(BrowserActions.java:71)] - Element clicked successfully
2022-06-09 17:30:25.040 INFO [main] [Utility.BrowserActions.explicitWaitEleToBeClickable_Click(BrowserActions.java:71)] - Element clicked successfully
2022-06-09 17:30:25.096 INFO [main] [Utility.BrowserActions.type(BrowserActions.java:114)] - The text Narmada typed successfully
2022-06-09 17:30:25.277 INFO [main] [Utility.BrowserActions.explicitWaitEleToBeClickable_Click(BrowserActions.java:71)] - Element clicked successfully
2022-06-09 17:30:25.325 INFO [main] [Utility.BrowserActions.type(BrowserActions.java:114)] - The text Medahalli typed successfully
2022-06-09 17:30:25.497 INFO [main] [Utility.BrowserActions.explicitWaitEleToBeClickable_Click(BrowserActions.java:71)] - Element clicked successfully
2022-06-09 17:30:25.538 INFO [main] [Utility.BrowserActions.type(BrowserActions.java:114)] - The text Bangalore typed successfully
2022-06-09 17:30:25.718 INFO [main] [Utility.BrowserActions.explicitWaitEleToBeClickable_Click(BrowserActions.java:71)] - Element clicked successfully
2022-06-09 17:30:25.759 INFO [main] [Utility.BrowserActions.type(BrowserActions.java:114)] - The text Karnataka typed successfully
2022-06-09 17:30:25.966 INFO [main] [Utility.BrowserActions.explicitWaitEleToBeClickable_Click(BrowserActions.java:71)] - Element clicked successfully
2022-06-09 17:30:26.007 INFO [main] [Utility.BrowserActions.type(BrowserActions.java:114)] - The text 560049 typed successfully
2022-06-09 17:30:26.203 INFO [main] [Utility.BrowserActions.explicitWaitEleToBeClickable_Click(BrowserActions.java:71)] - Element clicked successfully
2022-06-09 17:30:26.259 INFO [main] [Utility.BrowserActions.type(BrowserActions.java:114)] - The text 9843915528 typed successfully
2022-06-09 17:30:26.430 INFO [main] [Utility.BrowserActions.explicitWaitEleToBeClickable_Click(BrowserActions.java:71)] - Element clicked successfully
2022-06-09 17:30:26.468 INFO [main] [Utility.BrowserActions.type(BrowserActions.java:114)] - The text 13344 typed successfully
2022-06-09 17:30:26.645 INFO [main] [Utility.BrowserActions.explicitWaitEleToBeClickable_Click(BrowserActions.java:71)] - Element clicked successfully
2022-06-09 17:30:26.687 INFO [main] [Utility.BrowserActions.type(BrowserActions.java:114)] - The text 13344 typed successfully
2022-06-09 17:30:26.895 INFO [main] [Utility.BrowserActions.explicitWaitEleToBeClickable_Click(BrowserActions.java:71)] - Element clicked successfully
2022-06-09 17:30:26.960 INFO [main] [Utility.BrowserActions.type(BrowserActions.java:114)] - The text 1000 typed successfully
2022-06-09 17:30:27.083 INFO [main] [Utility.BrowserActions.selectByOptionText(BrowserActions.java:32)] - Selected the option 13344 by using selectByOptionTextMethod
2022-06-09 17:30:27.243 INFO [main] [Utility.BrowserActions.explicitWaitEleToBeClickable_Click(BrowserActions.java:71)] - Element clicked successfully
2022-06-09 17:30:32.980 INFO [main] [Utility.DriverManager.tearDown(DriverManager.java:45)] - Driver instances closed successfully
2022-06-09 17:30:34.453 INFO [main] [Utility.DriverManager.<init>(DriverManager.java:24)] - Driver got launched and maximize successfully
2022-06-09 17:30:38.516 INFO [main] [Utility.BrowserActions.explicitWaitEleToBeClickable_Click(BrowserActions.java:71)] - Element clicked successfully
2022-06-09 17:30:38.680 INFO [main] [Utility.BrowserActions.explicitWaitEleToBeClickable_Click(BrowserActions.java:71)] - Element clicked successfully
2022-06-09 17:30:38.728 INFO [main] [Utility.BrowserActions.type(BrowserActions.java:114)] - The text john typed successfully
2022-06-09 17:30:38.728 INFO [main] [PageObjects.LoginPage.setUserName(LoginPage.java:42)] - Successfully entered username
2022-06-09 17:30:38.858 INFO [main] [Utility.BrowserActions.explicitWaitEleToBeClickable_Click(BrowserActions.java:71)] - Element clicked successfully
2022-06-09 17:30:39.027 INFO [main] [Utility.BrowserActions.explicitWaitEleToBeClickable_Click(BrowserActions.java:71)] - Element clicked successfully
2022-06-09 17:30:39.071 INFO [main] [Utility.BrowserActions.type(BrowserActions.java:114)] - The text demo typed successfully
2022-06-09 17:30:39.071 INFO [main] [PageObjects.LoginPage.setPassword(LoginPage.java:49)] - Successfully entered password
2022-06-09 17:30:40.415 INFO [main] [Utility.BrowserActions.explicitWaitEleToBeClickable_Click(BrowserActions.java:71)] - Element clicked successfully
2022-06-09 17:30:40.415 INFO [main] [PageObjects.LoginPage.clickLoginButton(LoginPage.java:55)] - Successfully clicked on login button
2022-06-09 17:30:41.207 INFO [main] [Utility.BrowserActions.explicitWaitEleToBeClickable_Click(BrowserActions.java:71)] - Element clicked successfully
2022-06-09 17:30:41.342 INFO [main] [Utility.BrowserActions.explicitWaitEleToBeClickable_Click(BrowserActions.java:71)] - Element clicked successfully
2022-06-09 17:30:41.375 INFO [main] [PageObjects.BillPay.verifyErrorMsg_PayeeName(BillPay.java:159)] - Error msg verified successfully for empty payee Name
2022-06-09 17:30:41.407 INFO [main] [PageObjects.BillPay.verifyErrorMsg_PayeeAddress(BillPay.java:166)] - Error msg verified successfully for empty payee Address
2022-06-09 17:30:41.438 INFO [main] [PageObjects.BillPay.verifyErrorMsg_PayeeCity(BillPay.java:173)] - Error msg verified successfully for empty payee City
2022-06-09 17:30:41.472 INFO [main] [PageObjects.BillPay.verifyErrorMsg_PayeeState(BillPay.java:180)] - Error msg verified successfully for empty payee State
2022-06-09 17:30:41.501 INFO [main] [PageObjects.BillPay.verifyErrorMsg_PayeeZipCode(BillPay.java:187)] - Error msg verified successfully for empty payee zip code
2022-06-09 17:30:41.532 INFO [main] [PageObjects.BillPay.verifyErrorMsg_PayeePhoneNumber(BillPay.java:194)] - Error msg verified successfully for empty payee Phone number
2022-06-09 17:30:41.557 INFO [main] [PageObjects.BillPay.verifyErrorMsg_PayeeAccountId(BillPay.java:201)] - Error msg verified successfully for empty payee Account ID
2022-06-09 17:30:41.571 INFO [main] [PageObjects.BillPay.verifyErrorMsg_PayeeVerifyAccountID(BillPay.java:208)] - Error msg verified successfully for empty payee Verify account Id
2022-06-09 17:30:41.586 INFO [main] [PageObjects.BillPay.verifyErrorMsg_PayeeAmount(BillPay.java:215)] - Error msg verified successfully for empty payee amount
2022-06-09 17:30:42.229 INFO [main] [Utility.DriverManager.tearDown(DriverManager.java:45)] - Driver instances closed successfully
2022-06-09 17:30:43.655 INFO [main] [Utility.DriverManager.<init>(DriverManager.java:24)] - Driver got launched and maximize successfully
2022-06-09 17:30:48.234 INFO [main] [Utility.BrowserActions.explicitWaitEleToBeClickable_Click(BrowserActions.java:71)] - Element clicked successfully
2022-06-09 17:30:48.398 INFO [main] [Utility.BrowserActions.explicitWaitEleToBeClickable_Click(BrowserActions.java:71)] - Element clicked successfully
2022-06-09 17:30:48.442 INFO [main] [Utility.BrowserActions.type(BrowserActions.java:114)] - The text john typed successfully
2022-06-09 17:30:48.443 INFO [main] [PageObjects.LoginPage.setUserName(LoginPage.java:42)] - Successfully entered username
2022-06-09 17:30:48.579 INFO [main] [Utility.BrowserActions.explicitWaitEleToBeClickable_Click(BrowserActions.java:71)] - Element clicked successfully
2022-06-09 17:30:48.740 INFO [main] [Utility.BrowserActions.explicitWaitEleToBeClickable_Click(BrowserActions.java:71)] - Element clicked successfully
2022-06-09 17:30:48.783 INFO [main] [Utility.BrowserActions.type(BrowserActions.java:114)] - The text demo typed successfully
2022-06-09 17:30:48.783 INFO [main] [PageObjects.LoginPage.setPassword(LoginPage.java:49)] - Successfully entered password
2022-06-09 17:30:50.112 INFO [main] [Utility.BrowserActions.explicitWaitEleToBeClickable_Click(BrowserActions.java:71)] - Element clicked successfully
2022-06-09 17:30:50.112 INFO [main] [PageObjects.LoginPage.clickLoginButton(LoginPage.java:55)] - Successfully clicked on login button
2022-06-09 17:30:50.983 INFO [main] [Utility.BrowserActions.explicitWaitEleToBeClickable_Click(BrowserActions.java:71)] - Element clicked successfully
2022-06-09 17:30:51.181 INFO [main] [Utility.BrowserActions.explicitWaitEleToBeClickable_Click(BrowserActions.java:71)] - Element clicked successfully
2022-06-09 17:30:51.220 INFO [main] [Utility.BrowserActions.type(BrowserActions.java:114)] - The text Narmada typed successfully
2022-06-09 17:30:51.398 INFO [main] [Utility.BrowserActions.explicitWaitEleToBeClickable_Click(BrowserActions.java:71)] - Element clicked successfully
2022-06-09 17:30:51.454 INFO [main] [Utility.BrowserActions.type(BrowserActions.java:114)] - The text Medahalli typed successfully
2022-06-09 17:30:51.634 INFO [main] [Utility.BrowserActions.explicitWaitEleToBeClickable_Click(BrowserActions.java:71)] - Element clicked successfully
2022-06-09 17:30:51.689 INFO [main] [Utility.BrowserActions.type(BrowserActions.java:114)] - The text Bangalore typed successfully
2022-06-09 17:30:51.869 INFO [main] [Utility.BrowserActions.explicitWaitEleToBeClickable_Click(BrowserActions.java:71)] - Element clicked successfully
2022-06-09 17:30:51.931 INFO [main] [Utility.BrowserActions.type(BrowserActions.java:114)] - The text Karnataka typed successfully
2022-06-09 17:30:52.111 INFO [main] [Utility.BrowserActions.explicitWaitEleToBeClickable_Click(BrowserActions.java:71)] - Element clicked successfully
2022-06-09 17:30:52.154 INFO [main] [Utility.BrowserActions.type(BrowserActions.java:114)] - The text 560049 typed successfully
2022-06-09 17:30:52.332 INFO [main] [Utility.BrowserActions.explicitWaitEleToBeClickable_Click(BrowserActions.java:71)] - Element clicked successfully
2022-06-09 17:30:52.375 INFO [main] [Utility.BrowserActions.type(BrowserActions.java:114)] - The text 9843915528 typed successfully
2022-06-09 17:30:52.544 INFO [main] [Utility.BrowserActions.explicitWaitEleToBeClickable_Click(BrowserActions.java:71)] - Element clicked successfully
2022-06-09 17:30:52.586 INFO [main] [Utility.BrowserActions.type(BrowserActions.java:114)] - The text abcde typed successfully
2022-06-09 17:30:52.797 INFO [main] [Utility.BrowserActions.explicitWaitEleToBeClickable_Click(BrowserActions.java:71)] - Element clicked successfully
2022-06-09 17:30:52.838 INFO [main] [Utility.BrowserActions.type(BrowserActions.java:114)] - The text 13344 typed successfully
2022-06-09 17:30:53.012 INFO [main] [Utility.BrowserActions.explicitWaitEleToBeClickable_Click(BrowserActions.java:71)] - Element clicked successfully
2022-06-09 17:30:53.054 INFO [main] [Utility.BrowserActions.type(BrowserActions.java:114)] - The text 1000 typed successfully
2022-06-09 17:30:53.175 INFO [main] [Utility.BrowserActions.selectByOptionText(BrowserActions.java:32)] - Selected the option 13344 by using selectByOptionTextMethod
2022-06-09 17:30:53.315 INFO [main] [Utility.BrowserActions.explicitWaitEleToBeClickable_Click(BrowserActions.java:71)] - Element clicked successfully
2022-06-09 17:30:53.348 INFO [main] [PageObjects.BillPay.verifyInvalidAccountErrorMsg(BillPay.java:222)] - Error msg verified successfully for invalid payee account number
2022-06-09 17:30:53.378 INFO [main] [PageObjects.BillPay.verifyMismatchVerifyAccountErrorMsg(BillPay.java:230)] - Error msg verified successfully for invalid payee account and wrong verify account number
2022-06-09 17:30:53.537 INFO [main] [Utility.BrowserActions.explicitWaitEleToBeClickable_Click(BrowserActions.java:71)] - Element clicked successfully
2022-06-09 17:30:53.583 INFO [main] [Utility.BrowserActions.type(BrowserActions.java:114)] - The text abcde typed successfully
2022-06-09 17:30:53.706 INFO [main] [Utility.BrowserActions.explicitWaitEleToBeClickable_Click(BrowserActions.java:71)] - Element clicked successfully
2022-06-09 17:30:53.727 INFO [main] [PageObjects.BillPay.verifyInvalidAccountErrorMsg(BillPay.java:222)] - Error msg verified successfully for invalid payee account number
2022-06-09 17:30:53.750 INFO [main] [PageObjects.BillPay.verifyInvalidVerifyAccountErrorMsg(BillPay.java:238)] - Error msg verified successfully for invalid payee account and wrong verify account number
2022-06-09 17:30:55.340 INFO [main] [Utility.DriverManager.tearDown(DriverManager.java:45)] - Driver instances closed successfully
2022-06-09 17:30:56.737 INFO [main] [Utility.DriverManager.<init>(DriverManager.java:24)] - Driver got launched and maximize successfully
2022-06-09 17:31:00.037 INFO [main] [Utility.BrowserActions.explicitWaitEleToBeClickable_Click(BrowserActions.java:71)] - Element clicked successfully
2022-06-09 17:31:00.207 INFO [main] [Utility.BrowserActions.explicitWaitEleToBeClickable_Click(BrowserActions.java:71)] - Element clicked successfully
2022-06-09 17:31:00.255 INFO [main] [Utility.BrowserActions.type(BrowserActions.java:114)] - The text john typed successfully
2022-06-09 17:31:00.255 INFO [main] [PageObjects.LoginPage.setUserName(LoginPage.java:42)] - Successfully entered username
2022-06-09 17:31:00.394 INFO [main] [Utility.BrowserActions.explicitWaitEleToBeClickable_Click(BrowserActions.java:71)] - Element clicked successfully
2022-06-09 17:31:00.568 INFO [main] [Utility.BrowserActions.explicitWaitEleToBeClickable_Click(BrowserActions.java:71)] - Element clicked successfully
2022-06-09 17:31:00.608 INFO [main] [Utility.BrowserActions.type(BrowserActions.java:114)] - The text demo typed successfully
2022-06-09 17:31:00.608 INFO [main] [PageObjects.LoginPage.setPassword(LoginPage.java:49)] - Successfully entered password
2022-06-09 17:31:01.960 INFO [main] [Utility.BrowserActions.explicitWaitEleToBeClickable_Click(BrowserActions.java:71)] - Element clicked successfully
2022-06-09 17:31:01.961 INFO [main] [PageObjects.LoginPage.clickLoginButton(LoginPage.java:55)] - Successfully clicked on login button
2022-06-09 17:31:02.531 INFO [main] [Utility.BrowserActions.explicitWaitEleToBeClickable_Click(BrowserActions.java:71)] - Element clicked successfully
2022-06-09 17:31:02.709 INFO [main] [Utility.BrowserActions.explicitWaitEleToBeClickable_Click(BrowserActions.java:71)] - Element clicked successfully
2022-06-09 17:31:02.757 INFO [main] [Utility.BrowserActions.type(BrowserActions.java:114)] - The text Narmada typed successfully
2022-06-09 17:31:02.757 INFO [main] [PageObjects.UpdateContactInfo.typeCustomerName(UpdateContactInfo.java:73)] - User typed customer name successfully
2022-06-09 17:31:02.925 INFO [main] [Utility.BrowserActions.explicitWaitEleToBeClickable_Click(BrowserActions.java:71)] - Element clicked successfully
2022-06-09 17:31:02.967 INFO [main] [Utility.BrowserActions.type(BrowserActions.java:114)] - The text Devaraj typed successfully
2022-06-09 17:31:02.968 INFO [main] [PageObjects.UpdateContactInfo.typeCustomerLName(UpdateContactInfo.java:79)] - User typed customer last name successfully
2022-06-09 17:31:03.144 INFO [main] [Utility.BrowserActions.explicitWaitEleToBeClickable_Click(BrowserActions.java:71)] - Element clicked successfully
2022-06-09 17:31:03.182 INFO [main] [Utility.BrowserActions.type(BrowserActions.java:114)] - The text brindhavan typed successfully
2022-06-09 17:31:03.182 INFO [main] [PageObjects.UpdateContactInfo.typeCustomerAddress(UpdateContactInfo.java:85)] - User typed customer Address successfully
2022-06-09 17:31:03.361 INFO [main] [Utility.BrowserActions.explicitWaitEleToBeClickable_Click(BrowserActions.java:71)] - Element clicked successfully
2022-06-09 17:31:03.398 INFO [main] [Utility.BrowserActions.type(BrowserActions.java:114)] - The text Bangalore typed successfully
2022-06-09 17:31:03.398 INFO [main] [PageObjects.UpdateContactInfo.typeCustomerCity(UpdateContactInfo.java:91)] - User typed customer City successfully
2022-06-09 17:31:03.575 INFO [main] [Utility.BrowserActions.explicitWaitEleToBeClickable_Click(BrowserActions.java:71)] - Element clicked successfully
2022-06-09 17:31:03.616 INFO [main] [Utility.BrowserActions.type(BrowserActions.java:114)] - The text Karnataka typed successfully
2022-06-09 17:31:03.616 INFO [main] [PageObjects.UpdateContactInfo.typeCustomerState(UpdateContactInfo.java:97)] - User typed customer state successfully
2022-06-09 17:31:03.792 INFO [main] [Utility.BrowserActions.explicitWaitEleToBeClickable_Click(BrowserActions.java:71)] - Element clicked successfully
2022-06-09 17:31:03.835 INFO [main] [Utility.BrowserActions.type(BrowserActions.java:114)] - The text 560049 typed successfully
2022-06-09 17:31:03.835 INFO [main] [PageObjects.UpdateContactInfo.typeCustomerZipCode(UpdateContactInfo.java:103)] - User typed customer Zip code successfully
2022-06-09 17:31:04.010 INFO [main] [Utility.BrowserActions.explicitWaitEleToBeClickable_Click(BrowserActions.java:71)] - Element clicked successfully
2022-06-09 17:31:04.051 INFO [main] [Utility.BrowserActions.type(BrowserActions.java:114)] - The text 9843915528 typed successfully
2022-06-09 17:31:04.052 INFO [main] [PageObjects.UpdateContactInfo.typeCustomerPhoneNum(UpdateContactInfo.java:109)] - User typed customer Zip code successfully
2022-06-09 17:31:04.186 INFO [main] [Utility.BrowserActions.explicitWaitEleToBeClickable_Click(BrowserActions.java:71)] - Element clicked successfully
2022-06-09 17:31:04.186 INFO [main] [PageObjects.UpdateContactInfo.clickOnUpdateProfile(UpdateContactInfo.java:115)] - User successfully clicked on UpdateProfile button
2022-06-09 17:31:09.915 INFO [main] [Utility.DriverManager.tearDown(DriverManager.java:45)] - Driver instances closed successfully
2022-06-09 17:31:11.377 INFO [main] [Utility.DriverManager.<init>(DriverManager.java:24)] - Driver got launched and maximize successfully
2022-06-09 17:31:15.412 INFO [main] [Utility.BrowserActions.explicitWaitEleToBeClickable_Click(BrowserActions.java:71)] - Element clicked successfully
2022-06-09 17:31:15.577 INFO [main] [Utility.BrowserActions.explicitWaitEleToBeClickable_Click(BrowserActions.java:71)] - Element clicked successfully
2022-06-09 17:31:15.627 INFO [main] [Utility.BrowserActions.type(BrowserActions.java:114)] - The text john typed successfully
2022-06-09 17:31:15.628 INFO [main] [PageObjects.LoginPage.setUserName(LoginPage.java:42)] - Successfully entered username
2022-06-09 17:31:15.763 INFO [main] [Utility.BrowserActions.explicitWaitEleToBeClickable_Click(BrowserActions.java:71)] - Element clicked successfully
2022-06-09 17:31:15.918 INFO [main] [Utility.BrowserActions.explicitWaitEleToBeClickable_Click(BrowserActions.java:71)] - Element clicked successfully
2022-06-09 17:31:15.968 INFO [main] [Utility.BrowserActions.type(BrowserActions.java:114)] - The text demo typed successfully
2022-06-09 17:31:15.968 INFO [main] [PageObjects.LoginPage.setPassword(LoginPage.java:49)] - Successfully entered password
2022-06-09 17:31:17.317 INFO [main] [Utility.BrowserActions.explicitWaitEleToBeClickable_Click(BrowserActions.java:71)] - Element clicked successfully
2022-06-09 17:31:17.317 INFO [main] [PageObjects.LoginPage.clickLoginButton(LoginPage.java:55)] - Successfully clicked on login button
2022-06-09 17:31:17.868 INFO [main] [Utility.BrowserActions.explicitWaitEleToBeClickable_Click(BrowserActions.java:71)] - Element clicked successfully
2022-06-09 17:31:22.988 INFO [main] [Utility.BrowserActions.clearTextBox(BrowserActions.java:138)] - Text box cleared successfully
2022-06-09 17:31:23.037 INFO [main] [PageObjects.UpdateContactInfo.errorMsgValidationForEmptyCName(UpdateContactInfo.java:127)] - Error msg validated successfully for empty customer name
2022-06-09 17:31:23.113 INFO [main] [Utility.BrowserActions.clearTextBox(BrowserActions.java:138)] - Text box cleared successfully
2022-06-09 17:31:23.167 INFO [main] [PageObjects.UpdateContactInfo.errorMsgValidationForEmptyCLName(UpdateContactInfo.java:139)] - Error msg validated successfully for empty customer last name
2022-06-09 17:31:23.273 INFO [main] [Utility.BrowserActions.clearTextBox(BrowserActions.java:138)] - Text box cleared successfully
2022-06-09 17:31:23.314 INFO [main] [PageObjects.UpdateContactInfo.errorMsgValidationForEmptyCAddress(UpdateContactInfo.java:148)] - Error msg validated successfully for empty customer Address
2022-06-09 17:31:23.395 INFO [main] [Utility.BrowserActions.clearTextBox(BrowserActions.java:138)] - Text box cleared successfully
2022-06-09 17:31:23.423 INFO [main] [PageObjects.UpdateContactInfo.errorMsgValidationForEmptyCAddCity(UpdateContactInfo.java:157)] - Error msg validated successfully for empty customer Address city
2022-06-09 17:31:23.498 INFO [main] [Utility.BrowserActions.clearTextBox(BrowserActions.java:138)] - Text box cleared successfully
2022-06-09 17:31:23.552 INFO [main] [PageObjects.UpdateContactInfo.errorMsgValidationForEmptyCAddState(UpdateContactInfo.java:166)] - Error msg validated successfully for empty customer Address State
2022-06-09 17:31:23.624 INFO [main] [Utility.BrowserActions.clearTextBox(BrowserActions.java:138)] - Text box cleared successfully
2022-06-09 17:31:23.674 INFO [main] [PageObjects.UpdateContactInfo.errorMsgValidationForEmptyCZipCode(UpdateContactInfo.java:175)] - Error msg validated successfully for empty customer Address zip code
2022-06-09 17:31:23.796 INFO [main] [Utility.BrowserActions.explicitWaitEleToBeClickable_Click(BrowserActions.java:71)] - Element clicked successfully
2022-06-09 17:31:23.797 INFO [main] [PageObjects.UpdateContactInfo.clickOnUpdateProfile(UpdateContactInfo.java:115)] - User successfully clicked on UpdateProfile button
2022-06-09 17:31:29.507 INFO [main] [Utility.DriverManager.tearDown(DriverManager.java:45)] - Driver instances closed successfully
2022-06-09 17:31:30.924 INFO [main] [Utility.DriverManager.<init>(DriverManager.java:24)] - Driver got launched and maximize successfully
2022-06-09 17:31:35.164 INFO [main] [Utility.BrowserActions.explicitWaitEleToBeClickable_Click(BrowserActions.java:71)] - Element clicked successfully
2022-06-09 17:31:35.338 INFO [main] [Utility.BrowserActions.explicitWaitEleToBeClickable_Click(BrowserActions.java:71)] - Element clicked successfully
2022-06-09 17:31:35.382 INFO [main] [Utility.BrowserActions.type(BrowserActions.java:114)] - The text john typed successfully
2022-06-09 17:31:35.382 INFO [main] [PageObjects.LoginPage.setUserName(LoginPage.java:42)] - Successfully entered username
2022-06-09 17:31:35.518 INFO [main] [Utility.BrowserActions.explicitWaitEleToBeClickable_Click(BrowserActions.java:71)] - Element clicked successfully
2022-06-09 17:31:35.696 INFO [main] [Utility.BrowserActions.explicitWaitEleToBeClickable_Click(BrowserActions.java:71)] - Element clicked successfully
2022-06-09 17:31:35.744 INFO [main] [Utility.BrowserActions.type(BrowserActions.java:114)] - The text demo typed successfully
2022-06-09 17:31:35.744 INFO [main] [PageObjects.LoginPage.setPassword(LoginPage.java:49)] - Successfully entered password
2022-06-09 17:31:37.240 INFO [main] [Utility.BrowserActions.explicitWaitEleToBeClickable_Click(BrowserActions.java:71)] - Element clicked successfully
2022-06-09 17:31:37.240 INFO [main] [PageObjects.LoginPage.clickLoginButton(LoginPage.java:55)] - Successfully clicked on login button
2022-06-09 17:31:38.319 INFO [main] [PageObjects.ParaBankAccountOverview.clickLogOut(ParaBankAccountOverview.java:39)] - button is enabled
2022-06-09 17:31:39.884 INFO [main] [Utility.BrowserActions.explicitWaitEleToBeClickable_Click(BrowserActions.java:71)] - Element clicked successfully
2022-06-09 17:31:39.884 INFO [main] [PageObjects.ParaBankAccountOverview.clickLogOut(ParaBankAccountOverview.java:42)] - Successfully clicked on logout button
2022-06-09 17:31:40.520 INFO [main] [Utility.DriverManager.tearDown(DriverManager.java:45)] - Driver instances closed successfully
2022-06-09 17:31:42.024 INFO [main] [Utility.DriverManager.<init>(DriverManager.java:24)] - Driver got launched and maximize successfully
2022-06-09 17:31:45.313 INFO [main] [Utility.BrowserActions.explicitWaitEleToBeClickable_Click(BrowserActions.java:71)] - Element clicked successfully
2022-06-09 17:31:45.471 INFO [main] [Utility.BrowserActions.explicitWaitEleToBeClickable_Click(BrowserActions.java:71)] - Element clicked successfully
2022-06-09 17:31:45.535 INFO [main] [Utility.BrowserActions.type(BrowserActions.java:114)] - The text john typed successfully
2022-06-09 17:31:45.535 INFO [main] [PageObjects.LoginPage.setUserName(LoginPage.java:42)] - Successfully entered username
2022-06-09 17:31:45.669 INFO [main] [Utility.BrowserActions.explicitWaitEleToBeClickable_Click(BrowserActions.java:71)] - Element clicked successfully
2022-06-09 17:31:45.831 INFO [main] [Utility.BrowserActions.explicitWaitEleToBeClickable_Click(BrowserActions.java:71)] - Element clicked successfully
2022-06-09 17:31:45.875 INFO [main] [Utility.BrowserActions.type(BrowserActions.java:114)] - The text demo typed successfully
2022-06-09 17:31:45.875 INFO [main] [PageObjects.LoginPage.setPassword(LoginPage.java:49)] - Successfully entered password
2022-06-09 17:31:47.113 INFO [main] [Utility.BrowserActions.explicitWaitEleToBeClickable_Click(BrowserActions.java:71)] - Element clicked successfully
2022-06-09 17:31:47.113 INFO [main] [PageObjects.LoginPage.clickLoginButton(LoginPage.java:55)] - Successfully clicked on login button
2022-06-09 17:31:47.593 INFO [main] [Utility.BrowserActions.explicitWaitEleToBeClickable_Click(BrowserActions.java:71)] - Element clicked successfully
2022-06-09 17:31:47.689 INFO [main] [Utility.BrowserActions.selectByOptionText(BrowserActions.java:32)] - Selected the option CHECKING by using selectByOptionTextMethod
2022-06-09 17:31:47.940 INFO [main] [Utility.BrowserActions.selectByOptionText(BrowserActions.java:32)] - Selected the option 13344 by using selectByOptionTextMethod
2022-06-09 17:31:48.035 INFO [main] [Utility.BrowserActions.explicitWaitEleToBeClickable_Click(BrowserActions.java:71)] - Element clicked successfully
2022-06-09 17:31:53.649 INFO [main] [Utility.BrowserActions.explicitWaitEleToBeClickable_Click(BrowserActions.java:71)] - Element clicked successfully
2022-06-09 17:31:58.714 INFO [main] [PageObjects.NewAccount.accountTypeVerify(NewAccount.java:132)] - Account Type Verification done
2022-06-09 17:32:04.767 INFO [main] [PageObjects.NewAccount.accountIdVerify(NewAccount.java:115)] - Account Id verification done
2022-06-09 17:32:04.870 INFO [main] [Utility.BrowserActions.selectByOptionText(BrowserActions.java:32)] - Selected the option February by using selectByOptionTextMethod
2022-06-09 17:32:04.995 INFO [main] [Utility.BrowserActions.selectByOptionText(BrowserActions.java:32)] - Selected the option Credit by using selectByOptionTextMethod
2022-06-09 17:32:05.100 INFO [main] [Utility.BrowserActions.explicitWaitEleToBeClickable_Click(BrowserActions.java:71)] - Element clicked successfully
2022-06-09 17:32:05.681 INFO [main] [PageObjects.NewAccount.clickOnGoButton(NewAccount.java:156)] - Transaction table msg verified Successfully:No transactions found.
2022-06-09 17:32:06.348 INFO [main] [Utility.DriverManager.tearDown(DriverManager.java:45)] - Driver instances closed successfully
2022-06-09 17:32:07.770 INFO [main] [Utility.DriverManager.<init>(DriverManager.java:24)] - Driver got launched and maximize successfully
2022-06-09 17:32:11.413 INFO [main] [Utility.BrowserActions.explicitWaitEleToBeClickable_Click(BrowserActions.java:71)] - Element clicked successfully
2022-06-09 17:32:11.575 INFO [main] [Utility.BrowserActions.explicitWaitEleToBeClickable_Click(BrowserActions.java:71)] - Element clicked successfully
2022-06-09 17:32:11.623 INFO [main] [Utility.BrowserActions.type(BrowserActions.java:114)] - The text john typed successfully
2022-06-09 17:32:11.624 INFO [main] [PageObjects.LoginPage.setUserName(LoginPage.java:42)] - Successfully entered username
2022-06-09 17:32:11.757 INFO [main] [Utility.BrowserActions.explicitWaitEleToBeClickable_Click(BrowserActions.java:71)] - Element clicked successfully
2022-06-09 17:32:11.919 INFO [main] [Utility.BrowserActions.explicitWaitEleToBeClickable_Click(BrowserActions.java:71)] - Element clicked successfully
2022-06-09 17:32:11.962 INFO [main] [Utility.BrowserActions.type(BrowserActions.java:114)] - The text demo typed successfully
2022-06-09 17:32:11.962 INFO [main] [PageObjects.LoginPage.setPassword(LoginPage.java:49)] - Successfully entered password
2022-06-09 17:32:13.157 INFO [main] [Utility.BrowserActions.explicitWaitEleToBeClickable_Click(BrowserActions.java:71)] - Element clicked successfully
2022-06-09 17:32:13.157 INFO [main] [PageObjects.LoginPage.clickLoginButton(LoginPage.java:55)] - Successfully clicked on login button
2022-06-09 17:32:13.629 INFO [main] [Utility.BrowserActions.explicitWaitEleToBeClickable_Click(BrowserActions.java:71)] - Element clicked successfully
2022-06-09 17:32:13.739 INFO [main] [Utility.BrowserActions.selectByOptionText(BrowserActions.java:32)] - Selected the option SAVINGS by using selectByOptionTextMethod
2022-06-09 17:32:13.958 INFO [main] [Utility.BrowserActions.selectByOptionText(BrowserActions.java:32)] - Selected the option 13344 by using selectByOptionTextMethod
2022-06-09 17:32:14.061 INFO [main] [Utility.BrowserActions.explicitWaitEleToBeClickable_Click(BrowserActions.java:71)] - Element clicked successfully
2022-06-09 17:32:19.667 INFO [main] [Utility.BrowserActions.explicitWaitEleToBeClickable_Click(BrowserActions.java:71)] - Element clicked successfully
2022-06-09 17:32:30.778 INFO [main] [PageObjects.NewAccount.accountIdVerify(NewAccount.java:115)] - Account Id verification done
2022-06-09 17:32:30.884 INFO [main] [Utility.BrowserActions.selectByOptionText(BrowserActions.java:32)] - Selected the option February by using selectByOptionTextMethod
2022-06-09 17:32:31.011 INFO [main] [Utility.BrowserActions.selectByOptionText(BrowserActions.java:32)] - Selected the option Credit by using selectByOptionTextMethod
2022-06-09 17:32:31.122 INFO [main] [Utility.BrowserActions.explicitWaitEleToBeClickable_Click(BrowserActions.java:71)] - Element clicked successfully
2022-06-09 17:32:31.714 INFO [main] [PageObjects.NewAccount.clickOnGoButton(NewAccount.java:156)] - Transaction table msg verified Successfully:No transactions found.
2022-06-09 17:32:32.357 INFO [main] [Utility.DriverManager.tearDown(DriverManager.java:45)] - Driver instances closed successfully
2022-06-09 17:32:33.790 INFO [main] [Utility.DriverManager.<init>(DriverManager.java:24)] - Driver got launched and maximize successfully
2022-06-09 17:32:36.789 INFO [main] [Utility.BrowserActions.explicitWaitEleToBeClickable_Click(BrowserActions.java:71)] - Element clicked successfully
2022-06-09 17:32:36.950 INFO [main] [Utility.BrowserActions.explicitWaitEleToBeClickable_Click(BrowserActions.java:71)] - Element clicked successfully
2022-06-09 17:32:36.992 INFO [main] [Utility.BrowserActions.type(BrowserActions.java:114)] - The text john typed successfully
2022-06-09 17:32:36.993 INFO [main] [PageObjects.LoginPage.setUserName(LoginPage.java:42)] - Successfully entered username
2022-06-09 17:32:37.127 INFO [main] [Utility.BrowserActions.explicitWaitEleToBeClickable_Click(BrowserActions.java:71)] - Element clicked successfully
2022-06-09 17:32:37.296 INFO [main] [Utility.BrowserActions.explicitWaitEleToBeClickable_Click(BrowserActions.java:71)] - Element clicked successfully
2022-06-09 17:32:37.338 INFO [main] [Utility.BrowserActions.type(BrowserActions.java:114)] - The text demo typed successfully
2022-06-09 17:32:37.338 INFO [main] [PageObjects.LoginPage.setPassword(LoginPage.java:49)] - Successfully entered password
2022-06-09 17:32:38.465 INFO [main] [Utility.BrowserActions.explicitWaitEleToBeClickable_Click(BrowserActions.java:71)] - Element clicked successfully
2022-06-09 17:32:38.466 INFO [main] [PageObjects.LoginPage.clickLoginButton(LoginPage.java:55)] - Successfully clicked on login button
2022-06-09 17:32:39.010 INFO [main] [Utility.BrowserActions.explicitWaitEleToBeClickable_Click(BrowserActions.java:71)] - Element clicked successfully
2022-06-09 17:32:45.266 INFO [main] [Utility.BrowserActions.selectByOptionText(BrowserActions.java:32)] - Selected the option 13344 by using selectByOptionTextMethod
2022-06-09 17:32:45.390 INFO [main] [Utility.BrowserActions.selectByOptionText(BrowserActions.java:32)] - Selected the option 13344 by using selectByOptionTextMethod
2022-06-09 17:32:45.519 INFO [main] [Utility.BrowserActions.explicitWaitEleToBeClickable_Click(BrowserActions.java:71)] - Element clicked successfully
2022-06-09 17:32:50.589 INFO [main] [PageObjects.TransferFund.verifyTransferedAmt(TransferFund.java:94)] - $1000.00
2022-06-09 17:32:50.622 INFO [main] [PageObjects.TransferFund.verifyTransferFromAccountId(TransferFund.java:101)] - 13344
2022-06-09 17:32:50.651 INFO [main] [PageObjects.TransferFund.verifyTransferToAccountId(TransferFund.java:108)] - 13344
2022-06-09 17:32:51.290 INFO [main] [Utility.DriverManager.tearDown(DriverManager.java:45)] - Driver instances closed successfully
